app/build/outputs/logs/manifest-merger-debug-report.txt
-- Merging decision tree log ---
manifest
ADDED from src\main\AndroidManifest.xml:2:1-47:12
	package
		ADDED from src\main\AndroidManifest.xml:3:5-38
		INJECTED from src\main\AndroidManifest.xml
		INJECTED from src\main\AndroidManifest.xml
	android:versionName
		ADDED from src\main\AndroidManifest.xml:5:5-32
		INJECTED from src\main\AndroidManifest.xml
		INJECTED from src\main\AndroidManifest.xml
	android:versionCode
		ADDED from src\main\AndroidManifest.xml:4:5-28
		INJECTED from src\main\AndroidManifest.xml
		INJECTED from src\main\AndroidManifest.xml
	xmlns:android
		ADDED from src\main\AndroidManifest.xml:2:11-69
uses-permission#android.permission.INTERNET
ADDED from src\main\AndroidManifest.xml:7:5-67
MERGED from [com.google.android.gms:play-services-ads:8.4.0] AndroidManifest.xml:20:5-66
	android:name
		ADDED from src\main\AndroidManifest.xml:7:22-64
uses-permission#android.permission.ACCESS_NETWORK_STATE
ADDED from src\main\AndroidManifest.xml:8:5-79
MERGED from [com.google.android.gms:play-services-ads:8.4.0] AndroidManifest.xml:21:5-78
	android:name
		ADDED from src\main\AndroidManifest.xml:8:22-76
uses-sdk
ADDED from src\main\AndroidManifest.xml:10:5-12:41
MERGED from [com.android.support:support-v4:23.0.0] AndroidManifest.xml:20:5-43
MERGED from [com.google.android.gms:play-services-ads:8.4.0] AndroidManifest.xml:23:5-42
MERGED from [com.google.android.gms:play-services-basement:8.4.0] AndroidManifest.xml:18:5-42
MERGED from [com.android.support:support-v4:23.0.0] AndroidManifest.xml:20:5-43
	android:targetSdkVersion
		ADDED from src\main\AndroidManifest.xml:12:9-38
		INJECTED from src\main\AndroidManifest.xml
		INJECTED from src\main\AndroidManifest.xml
	android:minSdkVersion
		ADDED from src\main\AndroidManifest.xml:11:9-35
		INJECTED from src\main\AndroidManifest.xml
		INJECTED from src\main\AndroidManifest.xml
application
ADDED from src\main\AndroidManifest.xml:14:5-45:19
MERGED from [com.android.support:support-v4:23.0.0] AndroidManifest.xml:22:5-20
MERGED from [com.google.android.gms:play-services-ads:8.4.0] AndroidManifest.xml:24:5-32:19
MERGED from [com.google.android.gms:play-services-basement:8.4.0] AndroidManifest.xml:20:5-24:19
MERGED from [com.android.support:support-v4:23.0.0] AndroidManifest.xml:22:5-20
	android:label
		ADDED from src\main\AndroidManifest.xml:17:9-41
	android:allowBackup
		ADDED from src\main\AndroidManifest.xml:15:9-35
	android:icon
		ADDED from src\main\AndroidManifest.xml:16:9-38
	android:theme
		ADDED from src\main\AndroidManifest.xml:18:9-40
meta-data#com.google.android.gms.version
ADDED from src\main\AndroidManifest.xml:20:9-22:69
MERGED from [com.google.android.gms:play-services-basement:8.4.0] AndroidManifest.xml:21:9-23:69
	android:value
		ADDED from src\main\AndroidManifest.xml:22:13-66
	android:name
		ADDED from src\main\AndroidManifest.xml:21:13-58
activity#org.chisty.uniconverter.MainActivity
ADDED from src\main\AndroidManifest.xml:24:9-33:20
	android:screenOrientation
		ADDED from src\main\AndroidManifest.xml:28:13-49
	android:label
		ADDED from src\main\AndroidManifest.xml:27:13-45
	android:configChanges
		ADDED from src\main\AndroidManifest.xml:26:13-122
	android:name
		ADDED from src\main\AndroidManifest.xml:25:13-41
intent-filter#android.intent.action.MAIN+android.intent.category.LAUNCHER
ADDED from src\main\AndroidManifest.xml:29:13-32:29
action#android.intent.action.MAIN
ADDED from src\main\AndroidManifest.xml:30:17-69
	android:name
		ADDED from src\main\AndroidManifest.xml:30:25-66
category#android.intent.category.LAUNCHER
ADDED from src\main\AndroidManifest.xml:31:17-77
	android:name
		ADDED from src\main\AndroidManifest.xml:31:27-74
activity#com.google.android.gms.ads.AdActivity
ADDED from src\main\AndroidManifest.xml:36:9-39:57
MERGED from [com.google.android.gms:play-services-ads:8.4.0] AndroidManifest.xml:26:9-29:64
	android:windowSoftInputMode
		ADDED from src\main\AndroidManifest.xml:39:13-54
	android:configChanges
		ADDED from [com.google.android.gms:play-services-ads:8.4.0] AndroidManifest.xml:28:13-122
	android:theme
		ADDED from src\main\AndroidManifest.xml:38:13-61
	android:name
		ADDED from src\main\AndroidManifest.xml:37:13-65
activity#com.purplebrain.adbuddiz.sdk.AdBuddizActivity
ADDED from src\main\AndroidManifest.xml:42:9-44:64
	android:theme
		ADDED from src\main\AndroidManifest.xml:44:13-61
	android:name
		ADDED from src\main\AndroidManifest.xml:43:13-73
activity#com.google.android.gms.ads.purchase.InAppPurchaseActivity
ADDED from [com.google.android.gms:play-services-ads:8.4.0] AndroidManifest.xml:30:9-31:52
	android:theme
		ADDED from [com.google.android.gms:play-services-ads:8.4.0] AndroidManifest.xml:31:13-50
	android:name
		ADDED from [com.google.android.gms:play-services-ads:8.4.0] AndroidManifest.xml:30:19-91